{"C:\\Users\\Usuario iTC\\Documents\\Tecnologias de la información\\4 ciclo\\programacion web y multimedia\\PE-2.2-calculator\\PE-2.2-Calculator\\src\\routes\\calculator.routes.ts": {"path":"C:\\Users\\Usuario iTC\\Documents\\Tecnologias de la información\\4 ciclo\\programacion web y multimedia\\PE-2.2-calculator\\PE-2.2-Calculator\\src\\routes\\calculator.routes.ts","all":false,"statementMap":{"0":{"start":{"line":1,"column":0},"end":{"line":1,"column":42}},"1":{"start":{"line":2,"column":0},"end":{"line":2,"column":60}},"2":{"start":{"line":3,"column":0},"end":{"line":3,"column":0}},"3":{"start":{"line":4,"column":0},"end":{"line":4,"column":29}},"4":{"start":{"line":5,"column":0},"end":{"line":5,"column":57}},"5":{"start":{"line":6,"column":0},"end":{"line":6,"column":12}},"6":{"start":{"line":7,"column":0},"end":{"line":7,"column":12}},"7":{"start":{"line":8,"column":0},"end":{"line":8,"column":1}},"8":{"start":{"line":9,"column":0},"end":{"line":9,"column":0}},"9":{"start":{"line":10,"column":0},"end":{"line":10,"column":66}},"10":{"start":{"line":11,"column":0},"end":{"line":11,"column":44}},"11":{"start":{"line":12,"column":0},"end":{"line":12,"column":43}},"12":{"start":{"line":13,"column":0},"end":{"line":13,"column":0}},"13":{"start":{"line":14,"column":0},"end":{"line":14,"column":5}},"14":{"start":{"line":15,"column":0},"end":{"line":15,"column":15}},"15":{"start":{"line":16,"column":0},"end":{"line":16,"column":41}},"16":{"start":{"line":17,"column":0},"end":{"line":17,"column":19}},"17":{"start":{"line":18,"column":0},"end":{"line":18,"column":16}},"18":{"start":{"line":19,"column":0},"end":{"line":19,"column":27}},"19":{"start":{"line":20,"column":0},"end":{"line":20,"column":25}},"20":{"start":{"line":21,"column":0},"end":{"line":21,"column":41}},"21":{"start":{"line":22,"column":0},"end":{"line":22,"column":44}},"22":{"start":{"line":23,"column":0},"end":{"line":23,"column":14}},"23":{"start":{"line":24,"column":0},"end":{"line":24,"column":12}},"24":{"start":{"line":25,"column":0},"end":{"line":25,"column":16}},"25":{"start":{"line":26,"column":0},"end":{"line":26,"column":27}},"26":{"start":{"line":27,"column":0},"end":{"line":27,"column":25}},"27":{"start":{"line":28,"column":0},"end":{"line":28,"column":40}},"28":{"start":{"line":29,"column":0},"end":{"line":29,"column":14}},"29":{"start":{"line":30,"column":0},"end":{"line":30,"column":12}},"30":{"start":{"line":31,"column":0},"end":{"line":31,"column":10}},"31":{"start":{"line":32,"column":0},"end":{"line":32,"column":8}},"32":{"start":{"line":33,"column":0},"end":{"line":33,"column":6}},"33":{"start":{"line":34,"column":0},"end":{"line":34,"column":31}},"34":{"start":{"line":35,"column":0},"end":{"line":35,"column":47}},"35":{"start":{"line":36,"column":0},"end":{"line":36,"column":0}},"36":{"start":{"line":37,"column":0},"end":{"line":37,"column":25}},"37":{"start":{"line":38,"column":0},"end":{"line":38,"column":0}},"38":{"start":{"line":39,"column":0},"end":{"line":39,"column":26}},"39":{"start":{"line":40,"column":0},"end":{"line":40,"column":19}},"40":{"start":{"line":41,"column":0},"end":{"line":41,"column":25}},"41":{"start":{"line":42,"column":0},"end":{"line":42,"column":16}},"42":{"start":{"line":43,"column":0},"end":{"line":43,"column":0}},"43":{"start":{"line":44,"column":0},"end":{"line":44,"column":25}},"44":{"start":{"line":45,"column":0},"end":{"line":45,"column":25}},"45":{"start":{"line":46,"column":0},"end":{"line":46,"column":16}},"46":{"start":{"line":47,"column":0},"end":{"line":47,"column":0}},"47":{"start":{"line":48,"column":0},"end":{"line":48,"column":24}},"48":{"start":{"line":49,"column":0},"end":{"line":49,"column":25}},"49":{"start":{"line":50,"column":0},"end":{"line":50,"column":16}},"50":{"start":{"line":51,"column":0},"end":{"line":51,"column":0}},"51":{"start":{"line":52,"column":0},"end":{"line":52,"column":22}},"52":{"start":{"line":53,"column":0},"end":{"line":53,"column":24}},"53":{"start":{"line":54,"column":0},"end":{"line":54,"column":43}},"54":{"start":{"line":55,"column":0},"end":{"line":55,"column":56}},"55":{"start":{"line":56,"column":0},"end":{"line":56,"column":15}},"56":{"start":{"line":57,"column":0},"end":{"line":57,"column":11}},"57":{"start":{"line":58,"column":0},"end":{"line":58,"column":25}},"58":{"start":{"line":59,"column":0},"end":{"line":59,"column":16}},"59":{"start":{"line":60,"column":0},"end":{"line":60,"column":16}},"60":{"start":{"line":61,"column":0},"end":{"line":61,"column":41}},"61":{"start":{"line":62,"column":0},"end":{"line":62,"column":40}},"62":{"start":{"line":63,"column":0},"end":{"line":63,"column":13}},"63":{"start":{"line":64,"column":0},"end":{"line":64,"column":7}},"64":{"start":{"line":65,"column":0},"end":{"line":65,"column":0}},"65":{"start":{"line":66,"column":0},"end":{"line":66,"column":35}},"66":{"start":{"line":67,"column":0},"end":{"line":67,"column":5}},"67":{"start":{"line":68,"column":0},"end":{"line":68,"column":4}},"68":{"start":{"line":69,"column":0},"end":{"line":69,"column":1}}},"s":{"0":1,"1":1,"2":1,"3":1,"4":1,"5":1,"6":1,"7":1,"8":1,"9":1,"10":1,"11":1,"12":1,"13":1,"14":1,"15":1,"16":1,"17":1,"18":1,"19":1,"20":1,"21":1,"22":1,"23":1,"24":1,"25":1,"26":1,"27":1,"28":1,"29":1,"30":1,"31":1,"32":1,"33":1,"34":5,"35":5,"36":5,"37":5,"38":5,"39":5,"40":1,"41":1,"42":5,"43":5,"44":1,"45":1,"46":5,"47":5,"48":1,"49":1,"50":5,"51":5,"52":2,"53":1,"54":1,"55":1,"56":1,"57":1,"58":1,"59":5,"60":0,"61":0,"62":0,"63":5,"64":4,"65":4,"66":4,"67":1,"68":1},"branchMap":{"0":{"type":"branch","line":10,"loc":{"start":{"line":10,"column":7},"end":{"line":69,"column":1}},"locations":[{"start":{"line":10,"column":7},"end":{"line":69,"column":1}}]},"1":{"type":"branch","line":34,"loc":{"start":{"line":34,"column":4},"end":{"line":67,"column":5}},"locations":[{"start":{"line":34,"column":4},"end":{"line":67,"column":5}}]},"2":{"type":"branch","line":40,"loc":{"start":{"line":40,"column":8},"end":{"line":42,"column":16}},"locations":[{"start":{"line":40,"column":8},"end":{"line":42,"column":16}}]},"3":{"type":"branch","line":44,"loc":{"start":{"line":44,"column":8},"end":{"line":46,"column":16}},"locations":[{"start":{"line":44,"column":8},"end":{"line":46,"column":16}}]},"4":{"type":"branch","line":48,"loc":{"start":{"line":48,"column":8},"end":{"line":50,"column":16}},"locations":[{"start":{"line":48,"column":8},"end":{"line":50,"column":16}}]},"5":{"type":"branch","line":52,"loc":{"start":{"line":52,"column":8},"end":{"line":59,"column":16}},"locations":[{"start":{"line":52,"column":8},"end":{"line":59,"column":16}}]},"6":{"type":"branch","line":53,"loc":{"start":{"line":53,"column":23},"end":{"line":59,"column":16}},"locations":[{"start":{"line":53,"column":23},"end":{"line":59,"column":16}}]},"7":{"type":"branch","line":60,"loc":{"start":{"line":60,"column":8},"end":{"line":63,"column":13}},"locations":[{"start":{"line":60,"column":8},"end":{"line":63,"column":13}}]},"8":{"type":"branch","line":65,"loc":{"start":{"line":65,"column":-2},"end":{"line":67,"column":5}},"locations":[{"start":{"line":65,"column":-2},"end":{"line":67,"column":5}}]}},"b":{"0":[1],"1":[5],"2":[1],"3":[1],"4":[1],"5":[2],"6":[1],"7":[0],"8":[4]},"fnMap":{"0":{"name":"calculatorRoutes","decl":{"start":{"line":10,"column":7},"end":{"line":69,"column":1}},"loc":{"start":{"line":10,"column":7},"end":{"line":69,"column":1}},"line":10}},"f":{"0":1}}
}
