TN:
SF:src\routes\calculator.routes.ts
FN:10,calculatorRoutes
FNF:1
FNH:1
FNDA:1,calculatorRoutes
DA:1,1
DA:2,1
DA:3,1
DA:4,1
DA:5,1
DA:6,1
DA:7,1
DA:8,1
DA:9,1
DA:10,1
DA:11,1
DA:12,1
DA:13,1
DA:14,1
DA:15,1
DA:16,1
DA:17,1
DA:18,1
DA:19,1
DA:20,1
DA:21,1
DA:22,1
DA:23,1
DA:24,1
DA:25,1
DA:26,1
DA:27,1
DA:28,1
DA:29,1
DA:30,1
DA:31,1
DA:32,1
DA:33,1
DA:34,1
DA:35,5
DA:36,5
DA:37,5
DA:38,5
DA:39,5
DA:40,5
DA:41,1
DA:42,1
DA:43,5
DA:44,5
DA:45,1
DA:46,1
DA:47,5
DA:48,5
DA:49,1
DA:50,1
DA:51,5
DA:52,5
DA:53,2
DA:54,1
DA:55,1
DA:56,1
DA:57,1
DA:58,1
DA:59,1
DA:60,5
DA:61,0
DA:62,0
DA:63,0
DA:64,5
DA:65,4
DA:66,4
DA:67,4
DA:68,1
DA:69,1
LF:69
LH:66
BRDA:10,0,0,1
BRDA:34,1,0,5
BRDA:40,2,0,1
BRDA:44,3,0,1
BRDA:48,4,0,1
BRDA:52,5,0,2
BRDA:53,6,0,1
BRDA:60,7,0,0
BRDA:65,8,0,4
BRF:9
BRH:8
end_of_record
